<?xml version="1.0" encoding="UTF-8"?>
<!-- Generated by org.testng.reporters.JUnitReportReporter -->
<testsuite hostname="DESKTOP-C157UR7" failures="0" tests="1" name="org.Testing.TestCases.TC1" time="3.183" errors="0" timestamp="2023-09-11T17:05:18 IST" skipped="0">
  <testcase classname="org.Testing.TestCases.TC1" name="getTestCase" time="3.183"/>
</testsuite> <!-- org.Testing.TestCases.TC1 -->
