<?xml version="1.0" encoding="UTF-8"?>
<!-- Generated by org.testng.reporters.JUnitReportReporter -->
<testsuite hostname="DESKTOP-C157UR7" failures="0" tests="1" name="org.Testing.TestCases.TC2" time="3.272" errors="0" timestamp="2023-09-11T19:49:39 IST" skipped="0">
  <testcase classname="org.Testing.TestCases.TC2" name="postTestCaseJSON" time="3.272"/>
</testsuite> <!-- org.Testing.TestCases.TC2 -->
