<?xml version="1.0" encoding="UTF-8"?>
<!-- Generated by org.testng.reporters.JUnitReportReporter -->
<testsuite hostname="DESKTOP-C157UR7" failures="0" tests="1" name="org.Testing.TestCases.TC4_Delete" time="0.703" errors="0" timestamp="2023-09-11T20:02:50 IST" skipped="0">
  <testcase classname="org.Testing.TestCases.TC4_Delete" name="postTestCaseJSON" time="0.703"/>
</testsuite> <!-- org.Testing.TestCases.TC4_Delete -->
