<?xml version="1.0" encoding="UTF-8"?>
<!-- Generated by org.testng.reporters.JUnitReportReporter -->
<testsuite hostname="DESKTOP-C157UR7" failures="0" tests="1" name="org.Testing.TestCases.TC3_Put" time="0.679" errors="0" timestamp="2023-09-11T20:02:50 IST" skipped="0">
  <testcase classname="org.Testing.TestCases.TC3_Put" name="postTestCaseJSON" time="0.679"/>
</testsuite> <!-- org.Testing.TestCases.TC3_Put -->
